<?xml version="1.0" encoding="UTF-8"?>
<testng-results ignored="0" total="2" passed="2" failed="0" skipped="0">
  <reporter-output>
  </reporter-output>
  <suite started-at="2025-08-20T11:27:36 IST" name="ParallelSuite" finished-at="2025-08-20T11:28:05 IST" duration-ms="29007">
    <groups>
    </groups>
    <test started-at="2025-08-20T11:27:36 IST" name="ParallelTestExecution" finished-at="2025-08-20T11:28:05 IST" duration-ms="29007">
      <class name="testing_pac.TestNG2">
        <test-method is-config="true" signature="beforeClass()[pri:0, instance:testing_pac.TestNG2@4961f6af]" started-at="2025-08-20T11:27:54 IST" name="beforeClass" finished-at="2025-08-20T11:27:57 IST" duration-ms="3015" status="PASS">
          <reporter-output>
          </reporter-output>
        </test-method> <!-- beforeClass -->
        <test-method signature="amazon()[pri:0, instance:testing_pac.TestNG2@4961f6af]" started-at="2025-08-20T11:27:57 IST" name="amazon" finished-at="2025-08-20T11:28:05 IST" duration-ms="7679" status="PASS">
          <reporter-output>
          </reporter-output>
        </test-method> <!-- amazon -->
        <test-method is-config="true" signature="afterClass()[pri:0, instance:testing_pac.TestNG2@4961f6af]" started-at="2025-08-20T11:28:05 IST" name="afterClass" finished-at="2025-08-20T11:28:05 IST" duration-ms="0" status="PASS">
          <reporter-output>
          </reporter-output>
        </test-method> <!-- afterClass -->
      </class> <!-- testing_pac.TestNG2 -->
      <class name="testing_pac.TestNG1">
        <test-method is-config="true" signature="beforeClass()[pri:0, instance:testing_pac.TestNG1@1e66f1f5]" started-at="2025-08-20T11:27:36 IST" name="beforeClass" finished-at="2025-08-20T11:27:39 IST" duration-ms="3022" status="PASS">
          <reporter-output>
          </reporter-output>
        </test-method> <!-- beforeClass -->
        <test-method signature="eBay()[pri:0, instance:testing_pac.TestNG1@1e66f1f5]" started-at="2025-08-20T11:27:39 IST" name="eBay" finished-at="2025-08-20T11:27:54 IST" duration-ms="15217" status="PASS">
          <reporter-output>
          </reporter-output>
        </test-method> <!-- eBay -->
        <test-method is-config="true" signature="afterClass()[pri:0, instance:testing_pac.TestNG1@1e66f1f5]" started-at="2025-08-20T11:27:54 IST" name="afterClass" finished-at="2025-08-20T11:27:54 IST" duration-ms="1" status="PASS">
          <reporter-output>
          </reporter-output>
        </test-method> <!-- afterClass -->
      </class> <!-- testing_pac.TestNG1 -->
    </test> <!-- ParallelTestExecution -->
  </suite> <!-- ParallelSuite -->
</testng-results>
